# JRE version: Java(TM) SE Runtime Environment (8.0_65-b17) (build 1.8.0_65-b17)
# Java VM: Java HotSpot(TM) 64-Bit Server VM (25.65-b01 mixed mode bsd-amd64 compressed oops)
Heap:
 PSYoungGen      total 169472K, used 56572K [0x000000076ab00000, 0x000000077b680000, 0x00000007c0000000)
  eden space 128000K, 11% used [0x000000076ab00000,0x000000076b9c37c0,0x0000000772800000)
  from space 41472K, 99% used [0x0000000772800000,0x000000077507bb70,0x0000000775080000)
  to   space 49152K, 0% used [0x0000000778680000,0x0000000778680000,0x000000077b680000)
 ParOldGen       total 258048K, used 108988K [0x00000006c0000000, 0x00000006cfc00000, 0x000000076ab00000)
  object space 258048K, 42% used [0x00000006c0000000,0x00000006c6a6f110,0x00000006cfc00000)
 Metaspace       used 30882K, capacity 31370K, committed 31616K, reserved 1077248K
  class space    used 3783K, capacity 3919K, committed 3968K, reserved 1048576K
GC Heap History (10 events):
Event: 9.313 GC heap before
{Heap before GC invocations=7 (full 1):
 PSYoungGen      total 76288K, used 65536K [0x000000076ab00000, 0x0000000773c00000, 0x00000007c0000000)
  eden space 65536K, 100% used [0x000000076ab00000,0x000000076eb00000,0x000000076eb00000)
  from space 10752K, 0% used [0x000000076eb00000,0x000000076eb00000,0x000000076f580000)
  to   space 8704K, 0% used [0x0000000773380000,0x0000000773380000,0x0000000773c00000)
 ParOldGen       total 99840K, used 7068K [0x00000006c0000000, 0x00000006c6180000, 0x000000076ab00000)
  object space 99840K, 7% used [0x00000006c0000000,0x00000006c06e72e0,0x00000006c6180000)
 Metaspace       used 25791K, capacity 26146K, committed 26624K, reserved 1073152K
  class space    used 3094K, capacity 3229K, committed 3328K, reserved 1048576K
Event: 9.323 GC heap after
Heap after GC invocations=7 (full 1):
 PSYoungGen      total 108032K, used 5909K [0x000000076ab00000, 0x0000000773980000, 0x00000007c0000000)
  eden space 101888K, 0% used [0x000000076ab00000,0x000000076ab00000,0x0000000770e80000)
  from space 6144K, 96% used [0x0000000773380000,0x00000007739455b0,0x0000000773980000)
  to   space 8192K, 0% used [0x0000000772980000,0x0000000772980000,0x0000000773180000)
 ParOldGen       total 99840K, used 7076K [0x00000006c0000000, 0x00000006c6180000, 0x000000076ab00000)
  object space 99840K, 7% used [0x00000006c0000000,0x00000006c06e92e0,0x00000006c6180000)
 Metaspace       used 25791K, capacity 26146K, committed 26624K, reserved 1073152K
  class space    used 3094K, capacity 3229K, committed 3328K, reserved 1048576K
}
Event: 11.802 GC heap before
{Heap before GC invocations=8 (full 1):
 PSYoungGen      total 108032K, used 107797K [0x000000076ab00000, 0x0000000773980000, 0x00000007c0000000)
  eden space 101888K, 100% used [0x000000076ab00000,0x0000000770e80000,0x0000000770e80000)
  from space 6144K, 96% used [0x0000000773380000,0x00000007739455b0,0x0000000773980000)
  to   space 8192K, 0% used [0x0000000772980000,0x0000000772980000,0x0000000773180000)
 ParOldGen       total 99840K, used 7076K [0x00000006c0000000, 0x00000006c6180000, 0x000000076ab00000)
  object space 99840K, 7% used [0x00000006c0000000,0x00000006c06e92e0,0x00000006c6180000)
 Metaspace       used 30818K, capacity 31234K, committed 31616K, reserved 1077248K
  class space    used 3780K, capacity 3917K, committed 3968K, reserved 1048576K
Event: 11.815 GC heap after
Heap after GC invocations=8 (full 1):
 PSYoungGen      total 137728K, used 8171K [0x000000076ab00000, 0x0000000775e00000, 0x00000007c0000000)
  eden space 129536K, 0% used [0x000000076ab00000,0x000000076ab00000,0x0000000772980000)
  from space 8192K, 99% used [0x0000000772980000,0x000000077317ae80,0x0000000773180000)
  to   space 13824K, 0% used [0x0000000775080000,0x0000000775080000,0x0000000775e00000)
 ParOldGen       total 99840K, used 16501K [0x00000006c0000000, 0x00000006c6180000, 0x000000076ab00000)
  object space 99840K, 16% used [0x00000006c0000000,0x00000006c101d570,0x00000006c6180000)
 Metaspace       used 30818K, capacity 31234K, committed 31616K, reserved 1077248K
  class space    used 3780K, capacity 3917K, committed 3968K, reserved 1048576K
}
Event: 12.941 GC heap before
{Heap before GC invocations=9 (full 1):
 PSYoungGen      total 137728K, used 137693K [0x000000076ab00000, 0x0000000775e00000, 0x00000007c0000000)
  eden space 129536K, 99% used [0x000000076ab00000,0x000000077297c950,0x0000000772980000)
  from space 8192K, 99% used [0x0000000772980000,0x000000077317ae80,0x0000000773180000)
  to   space 13824K, 0% used [0x0000000775080000,0x0000000775080000,0x0000000775e00000)
 ParOldGen       total 99840K, used 16501K [0x00000006c0000000, 0x00000006c6180000, 0x000000076ab00000)
  object space 99840K, 16% used [0x00000006c0000000,0x00000006c101d570,0x00000006c6180000)
 Metaspace       used 30832K, capacity 31234K, committed 31616K, reserved 1077248K
  class space    used 3780K, capacity 3917K, committed 3968K, reserved 1048576K
Event: 12.977 GC heap after
Heap after GC invocations=9 (full 1):
 PSYoungGen      total 141824K, used 13820K [0x000000076ab00000, 0x000000077cd00000, 0x00000007c0000000)
  eden space 128000K, 0% used [0x000000076ab00000,0x000000076ab00000,0x0000000772800000)
  from space 13824K, 99% used [0x0000000775080000,0x0000000775dff3e0,0x0000000775e00000)
  to   space 41472K, 0% used [0x0000000772800000,0x0000000772800000,0x0000000775080000)
 ParOldGen       total 99840K, used 75004K [0x00000006c0000000, 0x00000006c6180000, 0x000000076ab00000)
  object space 99840K, 75% used [0x00000006c0000000,0x00000006c493f3b0,0x00000006c6180000)
 Metaspace       used 30832K, capacity 31234K, committed 31616K, reserved 1077248K
  class space    used 3780K, capacity 3917K, committed 3968K, reserved 1048576K
}
Event: 12.977 GC heap before
{Heap before GC invocations=10 (full 2):
 PSYoungGen      total 141824K, used 13820K [0x000000076ab00000, 0x000000077cd00000, 0x00000007c0000000)
  eden space 128000K, 0% used [0x000000076ab00000,0x000000076ab00000,0x0000000772800000)
  from space 13824K, 99% used [0x0000000775080000,0x0000000775dff3e0,0x0000000775e00000)
  to   space 41472K, 0% used [0x0000000772800000,0x0000000772800000,0x0000000775080000)
 ParOldGen       total 99840K, used 75004K [0x00000006c0000000, 0x00000006c6180000, 0x000000076ab00000)
  object space 99840K, 75% used [0x00000006c0000000,0x00000006c493f3b0,0x00000006c6180000)
 Metaspace       used 30832K, capacity 31234K, committed 31616K, reserved 1077248K
  class space    used 3780K, capacity 3917K, committed 3968K, reserved 1048576K
Event: 13.109 GC heap after
Heap after GC invocations=10 (full 2):
 PSYoungGen      total 141824K, used 0K [0x000000076ab00000, 0x000000077cd00000, 0x00000007c0000000)
  eden space 128000K, 0% used [0x000000076ab00000,0x000000076ab00000,0x0000000772800000)
  from space 13824K, 0% used [0x0000000775080000,0x0000000775080000,0x0000000775e00000)
  to   space 41472K, 0% used [0x0000000772800000,0x0000000772800000,0x0000000775080000)
 ParOldGen       total 258048K, used 87277K [0x00000006c0000000, 0x00000006cfc00000, 0x000000076ab00000)
  object space 258048K, 33% used [0x00000006c0000000,0x00000006c553b410,0x00000006cfc00000)
 Metaspace       used 30832K, capacity 31234K, committed 31616K, reserved 1077248K
  class space    used 3780K, capacity 3917K, committed 3968K, reserved 1048576K
}
Event: 13.475 GC heap before
{Heap before GC invocations=11 (full 2):
 PSYoungGen      total 141824K, used 128000K [0x000000076ab00000, 0x000000077cd00000, 0x00000007c0000000)
  eden space 128000K, 100% used [0x000000076ab00000,0x0000000772800000,0x0000000772800000)
  from space 13824K, 0% used [0x0000000775080000,0x0000000775080000,0x0000000775e00000)
  to   space 41472K, 0% used [0x0000000772800000,0x0000000772800000,0x0000000775080000)
 ParOldGen       total 258048K, used 87277K [0x00000006c0000000, 0x00000006cfc00000, 0x000000076ab00000)
  object space 258048K, 33% used [0x00000006c0000000,0x00000006c553b410,0x00000006cfc00000)
 Metaspace       used 30832K, capacity 31234K, committed 31616K, reserved 1077248K
  class space    used 3780K, capacity 3917K, committed 3968K, reserved 1048576K
Event: 13.506 GC heap after
Heap after GC invocations=11 (full 2):
 PSYoungGen      total 169472K, used 41454K [0x000000076ab00000, 0x000000077b680000, 0x00000007c0000000)
  eden space 128000K, 0% used [0x000000076ab00000,0x000000076ab00000,0x0000000772800000)
  from space 41472K, 99% used [0x0000000772800000,0x000000077507bb70,0x0000000775080000)
  to   space 49152K, 0% used [0x0000000778680000,0x0000000778680000,0x000000077b680000)
 ParOldGen       total 258048K, used 108988K [0x00000006c0000000, 0x00000006cfc00000, 0x000000076ab00000)
  object space 258048K, 42% used [0x00000006c0000000,0x00000006c6a6f110,0x00000006cfc00000)
 Metaspace       used 30832K, capacity 31234K, committed 31616K, reserved 1077248K
  class space    used 3780K, capacity 3917K, committed 3968K, reserved 1048576K
}

